Compiling the C compiler identification source file "CMakeCCompilerId.c" failed.
Compiler: /Applications/Xcode.app/Contents/Developer/Toolchains/XcodeDefault.xctoolchain/usr/bin/cc 
Build flags: 
Id flags:  

The output was:
1
ld: library not found for -lSystem
clang: error: linker command failed with exit code 1 (use -v to see invocation)


Compiling the CXX compiler identification source file "CMakeCXXCompilerId.cpp" failed.
Compiler: /Applications/Xcode.app/Contents/Developer/Toolchains/XcodeDefault.xctoolchain/usr/bin/c++ 
Build flags: 
Id flags:  

The output was:
1
ld: library not found for -lc++
clang: error: linker command failed with exit code 1 (use -v to see invocation)


Determining if the include file pthread.h exists failed with the following output:
Change Dir: /Users/robotics_qi/project_comment/Edge_SLAM/RESLAM/cmake-build-debug/CMakeFiles/CMakeTmp

Run Build Command(s):/usr/bin/make cmTC_03653/fast && /Applications/Xcode.app/Contents/Developer/usr/bin/make  -f CMakeFiles/cmTC_03653.dir/build.make CMakeFiles/cmTC_03653.dir/build
Building C object CMakeFiles/cmTC_03653.dir/CheckIncludeFile.c.o
/Applications/Xcode.app/Contents/Developer/Toolchains/XcodeDefault.xctoolchain/usr/bin/cc   -O3 -g -Wunused-variable -Wpedantic -march=native  -fopenmp    -isysroot /Applications/Xcode.app/Contents/Developer/Platforms/MacOSX.platform/Developer/SDKs/MacOSX11.0.sdk   -o CMakeFiles/cmTC_03653.dir/CheckIncludeFile.c.o   -c /Users/robotics_qi/project_comment/Edge_SLAM/RESLAM/cmake-build-debug/CMakeFiles/CMakeTmp/CheckIncludeFile.c
clang: error: unsupported option '-fopenmp'
make[1]: *** [CMakeFiles/cmTC_03653.dir/CheckIncludeFile.c.o] Error 1
make: *** [cmTC_03653/fast] Error 2



